{
  "RSpec": {
    "coverage": {
      "/home/soar/source/inkash-api/config/application.rb": [
        1,
        1,
        1,
        null,
        1,
        null,
        1,
        1,
        1,
        129,
        129,
        129,
        null,
        null,
        null,
        1,
        null,
        1,
        null,
        null,
        null,
        0,
        null,
        null,
        1,
        0,
        null,
        null,
        0,
        null,
        null,
        null,
        1,
        1,
        1,
        1,
        1,
        1,
        1,
        1,
        1,
        null,
        1,
        1,
        null,
        null,
        1,
        1,
        0,
        null,
        null,
        1,
        null,
        null,
        null,
        null
      ],
      "/home/soar/source/inkash-api/config/boot.rb": [
        1,
        1,
        null,
        1,
        1,
        null,
        1,
        1,
        null,
        1,
        5,
        null,
        1,
        2,
        null,
        1,
        null,
        1,
        1,
        1,
        1,
        1,
        1,
        1,
        1,
        1,
        1,
        null,
        1,
        1,
        1,
        1,
        1,
        1,
        1,
        null,
        null,
        1,
        1,
        1,
        1,
        null,
        null,
        1,
        1,
        null,
        1,
        1,
        1,
        null,
        null,
        null,
        null,
        null,
        1,
        null,
        null,
        1,
        0,
        null,
        null,
        null,
        1,
        7,
        null,
        null,
        null,
        1,
        37,
        null,
        null,
        1,
        15,
        null,
        null,
        1,
        24,
        null,
        null,
        1,
        28,
        null,
        null,
        null,
        null,
        null,
        null,
        null,
        null,
        null,
        null,
        null,
        null
      ],
      "/home/soar/source/inkash-api/lib/g2.rb": [
        1,
        null,
        1,
        2376,
        null,
        null,
        1,
        2,
        null,
        null,
        1,
        2376,
        null,
        null,
        1,
        0,
        null,
        null,
        1,
        1,
        null,
        null,
        1,
        0,
        null,
        null,
        null
      ],
      "/home/soar/source/inkash-api/lib/db.rb": [
        1,
        null,
        1,
        1,
        null,
        1,
        null,
        0,
        0,
        null,
        0,
        0,
        null,
        0,
        0,
        null,
        null,
        1,
        null,
        null,
        1,
        1,
        1,
        1,
        1,
        null,
        null,
        1,
        1
      ],
      "/home/soar/source/inkash-api/app/apis/v1.rb": [
        1,
        null,
        null
      ],
      "/home/soar/source/inkash-api/app/apis/v2.rb": [
        1,
        null,
        null
      ],
      "/home/soar/source/inkash-api/config/settings.rb": [
        null,
        1,
        1,
        1,
        null
      ],
      "/home/soar/source/inkash-api/app/uploaders/merchant_logo_uploader.rb": [
        1,
        null,
        1,
        1,
        null,
        1,
        null,
        1,
        null,
        null,
        1,
        0,
        null,
        null,
        null,
        null,
        null,
        null,
        null,
        null,
        null,
        null,
        null,
        null,
        null,
        null,
        null,
        null,
        null,
        null,
        null,
        null,
        null,
        null,
        null,
        null,
        null,
        null,
        null
      ],
      "/home/soar/source/inkash-api/app/uploaders/sponsor_logo_uploader.rb": [
        1,
        null,
        1,
        1,
        null,
        1,
        null,
        1,
        null,
        null,
        1,
        0,
        null,
        null,
        null,
        null,
        null,
        null,
        null,
        null,
        null,
        null,
        null,
        null,
        null,
        null,
        null,
        null,
        null,
        null,
        null,
        null,
        null,
        null,
        null,
        null,
        null,
        null,
        null
      ],
      "/home/soar/source/inkash-api/app/uploaders/subject_image_uploader.rb": [
        1,
        null,
        1,
        1,
        null,
        1,
        null,
        1,
        null,
        null,
        1,
        0,
        null,
        null,
        null,
        null,
        null,
        null,
        null,
        null,
        null,
        null,
        null,
        1,
        1,
        null,
        null,
        1,
        1,
        null,
        null,
        null,
        null,
        null,
        null,
        null,
        null,
        null,
        null,
        null,
        null,
        null,
        null,
        1,
        null,
        1,
        0,
        0,
        null,
        null,
        null
      ],
      "/home/soar/source/inkash-api/app/uploaders/place_image_uploader.rb": [
        1,
        null,
        1,
        1,
        null,
        1,
        null,
        1,
        null,
        null,
        1,
        0,
        null,
        null,
        null,
        null,
        null,
        null,
        null,
        null,
        null,
        null,
        null,
        1,
        1,
        null,
        null,
        1,
        1,
        null,
        null,
        null,
        null,
        null,
        null,
        null,
        null,
        null,
        null,
        null,
        null,
        null,
        null,
        1,
        null,
        1,
        0,
        0,
        null,
        null,
        null
      ],
      "/home/soar/source/inkash-api/app/uploaders/user_avatar_uploader.rb": [
        1,
        null,
        1,
        1,
        null,
        1,
        null,
        1,
        null,
        null,
        1,
        1140,
        null,
        null,
        null,
        null,
        null,
        null,
        null,
        null,
        null,
        null,
        1,
        1,
        null,
        null,
        null,
        null,
        null,
        1,
        2000,
        null,
        null,
        null,
        null,
        null,
        null,
        null,
        null,
        null
      ],
      "/home/soar/source/inkash-api/app/uploaders/coupon_image_uploader.rb": [
        1,
        null,
        1,
        1,
        null,
        1,
        null,
        1,
        null,
        null,
        1,
        0,
        null,
        null,
        null,
        null,
        null,
        null,
        null,
        null,
        null,
        null,
        null,
        null,
        null,
        null,
        null,
        null,
        null,
        null,
        null,
        null,
        null,
        null,
        null,
        null,
        null,
        null,
        null
      ],
      "/home/soar/source/inkash-api/app/uploaders/scrip_image_uploader.rb": [
        1,
        1,
        null,
        null,
        null,
        null,
        1,
        1,
        null,
        1,
        null,
        1,
        null,
        null,
        1,
        582,
        null,
        null,
        null,
        null,
        null,
        null,
        null,
        null,
        null,
        null,
        null,
        null,
        null,
        null,
        null,
        null,
        null,
        1,
        1,
        null,
        null,
        1,
        1,
        null,
        null,
        null,
        null,
        null,
        null,
        null,
        null,
        null,
        null,
        null,
        null,
        null,
        null,
        1,
        null,
        1,
        426,
        426,
        null,
        null,
        null
      ],
      "/home/soar/source/inkash-api/app/models/feedback.rb": [
        1,
        1,
        1,
        null
      ],
      "/home/soar/source/inkash-api/app/models/favorite_place.rb": [
        1,
        null,
        1,
        1,
        null,
        1,
        1,
        1,
        null
      ],
      "/home/soar/source/inkash-api/app/models/mq100.rb": [
        1,
        null,
        1,
        1,
        null,
        1,
        null,
        7,
        null,
        1,
        0,
        null,
        1,
        0,
        null,
        null
      ],
      "/home/soar/source/inkash-api/app/models/report.rb": [
        1,
        1,
        1,
        null
      ],
      "/home/soar/source/inkash-api/app/models/coupon.rb": [
        1,
        null,
        null,
        1,
        null,
        1,
        null,
        1,
        null,
        1,
        1,
        1,
        1,
        1,
        null,
        1,
        null,
        1,
        null,
        1,
        null,
        7,
        null,
        1,
        2,
        2,
        null,
        null,
        1,
        2,
        null,
        null,
        1,
        null,
        1,
        21,
        null,
        null,
        null
      ],
      "/home/soar/source/inkash-api/app/models/information_share_record.rb": [
        1,
        1,
        1,
        1,
        null
      ],
      "/home/soar/source/inkash-api/app/models/sponsor.rb": [
        1,
        1,
        null,
        1,
        1,
        null,
        1,
        2,
        null,
        null,
        1,
        null,
        1,
        3,
        3,
        null,
        null
      ],
      "/home/soar/source/inkash-api/app/models/message.rb": [
        1,
        1,
        null
      ],
      "/home/soar/source/inkash-api/app/models/captcha.rb": [
        1,
        1,
        null,
        1,
        null,
        1,
        null,
        1,
        6,
        null,
        null
      ],
      "/home/soar/source/inkash-api/app/models/place_visit_history.rb": [
        1,
        1,
        1,
        null
      ],
      "/home/soar/source/inkash-api/app/models/concerns/soft_delete.rb": [
        1,
        null,
        1,
        2,
        902,
        null,
        null,
        null,
        1,
        6,
        null,
        null,
        null
      ],
      "/home/soar/source/inkash-api/app/models/device.rb": [
        1,
        null,
        1,
        null,
        1,
        null
      ],
      "/home/soar/source/inkash-api/app/models/subject.rb": [
        1,
        null,
        1,
        null,
        1,
        1,
        1,
        null,
        1,
        null,
        1,
        0,
        null,
        null,
        1,
        null,
        1,
        3,
        null,
        null,
        null
      ],
      "/home/soar/source/inkash-api/app/models/checkin_history.rb": [
        1,
        1,
        1,
        null
      ],
      "/home/soar/source/inkash-api/app/models/content_source.rb": [
        1,
        null
      ],
      "/home/soar/source/inkash-api/app/models/soundink_code.rb": [
        1,
        null,
        1,
        1,
        1,
        null,
        1,
        0,
        0,
        0,
        0,
        null,
        null,
        null
      ],
      "/home/soar/source/inkash-api/app/models/auth_token.rb": [
        1,
        null,
        1,
        null,
        1,
        null,
        1,
        null,
        1,
        null,
        92,
        92,
        null,
        null
      ],
      "/home/soar/source/inkash-api/app/models/error_code.rb": [
        1,
        null,
        1,
        0,
        0,
        null,
        null,
        null,
        0,
        null,
        null,
        null,
        null,
        0,
        null,
        null,
        null,
        null
      ],
      "/home/soar/source/inkash-api/app/models/information_visit_record.rb": [
        1,
        1,
        1,
        null,
        1,
        null
      ],
      "/home/soar/source/inkash-api/app/models/coupon_term.rb": [
        1,
        null,
        1,
        1,
        null,
        null
      ],
      "/home/soar/source/inkash-api/app/models/friendship_request.rb": [
        1,
        1,
        1,
        null
      ],
      "/home/soar/source/inkash-api/app/models/admin.rb": [
        1,
        null,
        null,
        null,
        null
      ],
      "/home/soar/source/inkash-api/app/models/scrip.rb": [
        1,
        1,
        1,
        null,
        1,
        null,
        431,
        null,
        1,
        1,
        null,
        1,
        1,
        1,
        null,
        null,
        1,
        null,
        null,
        29,
        null,
        null,
        1,
        null,
        null,
        null,
        null,
        15,
        null,
        null,
        1,
        1,
        1,
        425,
        null,
        null,
        1,
        null,
        1,
        15,
        null,
        15,
        null,
        15,
        1,
        1,
        null,
        14,
        null,
        null,
        null,
        1,
        2,
        null,
        null,
        1,
        1,
        1,
        1,
        1,
        null,
        null,
        1,
        0,
        null,
        null,
        1,
        189,
        null,
        null,
        1,
        49,
        null,
        null,
        1,
        3,
        18,
        null,
        3,
        3,
        3,
        null,
        null,
        1,
        null,
        1,
        141,
        null,
        null,
        1,
        141,
        null,
        null,
        1,
        141,
        140,
        140,
        140,
        140,
        null,
        null,
        null,
        1,
        284,
        3,
        null,
        null,
        null,
        1,
        0,
        null,
        null,
        1,
        0,
        null,
        null,
        null
      ],
      "/home/soar/source/inkash-api/app/models/place_user_relation.rb": [
        1,
        1,
        1,
        null
      ],
      "/home/soar/source/inkash-api/app/models/friendship.rb": [
        1,
        1,
        1,
        null,
        1,
        null,
        1,
        null,
        1,
        0,
        null,
        null,
        1,
        0,
        null,
        null
      ],
      "/home/soar/source/inkash-api/app/models/information.rb": [
        1,
        1,
        null,
        1,
        null,
        1,
        1,
        null,
        1,
        1,
        1,
        1,
        null,
        1,
        null,
        1,
        9,
        null,
        9,
        9,
        null,
        9,
        9,
        null,
        9,
        null,
        null,
        1,
        9,
        9,
        9,
        null,
        null,
        1,
        2,
        2,
        2,
        null,
        null,
        1,
        154,
        null,
        null,
        1,
        4,
        null,
        null,
        1,
        0,
        null,
        null,
        1,
        55,
        null,
        null,
        1,
        51,
        null,
        null,
        1,
        440,
        null,
        null,
        1,
        123,
        null,
        null,
        1,
        18,
        null,
        null,
        1,
        null,
        1,
        null,
        null,
        1,
        null,
        1,
        15,
        3,
        3,
        null,
        null,
        null
      ],
      "/home/soar/source/inkash-api/app/models/chat.rb": [
        1,
        null,
        1,
        null,
        1,
        1,
        1,
        1,
        null,
        1,
        null,
        1,
        0,
        null,
        null,
        1,
        2,
        2,
        2,
        2,
        null,
        null,
        null,
        1,
        5,
        5,
        5,
        5,
        null,
        null,
        null,
        1,
        null,
        1,
        5,
        null,
        null
      ],
      "/home/soar/source/inkash-api/app/models/coupon_usage_history.rb": [
        1,
        1,
        null,
        1,
        1,
        null,
        1,
        null,
        1,
        null,
        1,
        5,
        1,
        null,
        null,
        null
      ],
      "/home/soar/source/inkash-api/app/models/clause.rb": [
        1,
        null
      ],
      "/home/soar/source/inkash-api/app/models/favorite.rb": [
        1,
        1,
        1,
        null,
        146,
        1,
        null,
        1,
        null,
        1,
        13,
        null,
        null,
        1,
        null,
        1,
        145,
        11,
        null,
        null,
        1,
        143,
        10,
        10,
        null,
        null,
        null
      ],
      "/home/soar/source/inkash-api/app/models/comment.rb": [
        1,
        null,
        218,
        1,
        1,
        1,
        null,
        1,
        1,
        null,
        1,
        143,
        null,
        null,
        1,
        1,
        null,
        null
      ],
      "/home/soar/source/inkash-api/app/models/content_address.rb": [
        1,
        null
      ],
      "/home/soar/source/inkash-api/app/models/term.rb": [
        1,
        1,
        1,
        null
      ],
      "/home/soar/source/inkash-api/app/models/user.rb": [
        1,
        1,
        null,
        1,
        1,
        null,
        1,
        1,
        1,
        null,
        1,
        1,
        1,
        null,
        1,
        1,
        1,
        1,
        1,
        1,
        1,
        1,
        1,
        1,
        1,
        1,
        1,
        1,
        1,
        1,
        1,
        1,
        1,
        1,
        1,
        null,
        1,
        null,
        1,
        1,
        null,
        1,
        null,
        1,
        0,
        null,
        null,
        1,
        18,
        null,
        null,
        1,
        2,
        1,
        null,
        1,
        null,
        null,
        null,
        1,
        69,
        69,
        69,
        null,
        0,
        null,
        null,
        null,
        null,
        1,
        null,
        1,
        1020,
        11,
        11,
        2,
        null,
        9,
        null,
        null,
        null,
        1,
        500,
        null,
        null,
        null
      ],
      "/home/soar/source/inkash-api/app/models/place.rb": [
        1,
        null,
        1,
        null,
        1,
        1,
        1,
        1,
        1,
        null,
        1,
        22,
        null,
        null,
        null
      ],
      "/home/soar/source/inkash-api/app/models/version.rb": [
        1,
        3,
        1,
        null
      ],
      "/home/soar/source/inkash-api/app/models/merchant.rb": [
        1,
        1,
        null,
        1,
        null,
        null,
        null,
        null,
        null,
        1,
        null,
        1,
        1,
        1,
        null,
        1,
        1,
        null,
        1,
        1,
        1,
        null,
        null
      ],
      "/home/soar/source/inkash-api/app/helpers/map_helper.rb": [
        1,
        null,
        1,
        1,
        null,
        1,
        0,
        null,
        null,
        1,
        0,
        0,
        0,
        0,
        0,
        0,
        null,
        0,
        0,
        0,
        0,
        null,
        0,
        null,
        0,
        0,
        null,
        null,
        null,
        null,
        null,
        null,
        null,
        0,
        null,
        null,
        1,
        10,
        0,
        0,
        0,
        0,
        null,
        null,
        null,
        null,
        null
      ],
      "/home/soar/source/inkash-api/app/helpers/share_helper.rb": [
        1,
        null,
        1,
        null,
        9,
        6,
        4,
        null,
        2,
        null,
        6,
        6,
        6,
        6,
        3,
        null,
        3,
        null,
        null,
        3,
        3,
        null,
        9,
        9,
        null,
        null
      ],
      "/home/soar/source/inkash-api/app/helpers/locale_helper.rb": [
        1,
        1,
        14,
        null,
        null
      ],
      "/home/soar/source/inkash-api/app/helpers/user_helper.rb": [
        1,
        null,
        1,
        0,
        0,
        0,
        null,
        0,
        null,
        0,
        0,
        0,
        0,
        0,
        null,
        0,
        null,
        null,
        0,
        0,
        null,
        0,
        0,
        null,
        null,
        null
      ],
      "/home/soar/source/inkash-api/app/helpers/application_helper.rb": [
        1,
        null,
        1,
        0,
        null,
        0,
        null,
        0,
        null,
        0,
        null,
        0,
        null,
        0,
        null,
        null,
        null,
        1,
        0,
        null,
        null,
        null
      ],
      "/home/soar/source/inkash-api/app/helpers/push_helper.rb": [
        1,
        null,
        1,
        0,
        null,
        null,
        1,
        null,
        null,
        null,
        null
      ],
      "/home/soar/source/inkash-api/app/helpers/market_random_helper.rb": [
        1,
        null,
        1,
        0,
        0,
        null,
        null,
        1,
        0,
        null,
        null,
        null
      ],
      "/home/soar/source/inkash-api/app/helpers/websocket_helper.rb": [
        1,
        null,
        1,
        0,
        null,
        null,
        null
      ],
      "/home/soar/source/inkash-api/app/helpers/sms_helper.rb": [
        1,
        null,
        1,
        null,
        1,
        2,
        2,
        2,
        2,
        null,
        null,
        null,
        null,
        null,
        null,
        2,
        2,
        0,
        null,
        null,
        null,
        null,
        null,
        null
      ],
      "/home/soar/source/inkash-api/app/helpers/emotion_helper.rb": [
        1,
        null,
        1,
        0,
        0,
        0,
        null,
        null,
        null,
        1,
        0,
        null,
        null,
        null
      ],
      "/home/soar/source/inkash-api/app/helpers/comment_helper.rb": [
        1,
        null,
        1,
        5,
        2,
        2,
        2,
        2,
        2,
        1,
        null,
        1,
        null,
        null,
        3,
        3,
        null,
        5,
        5,
        null,
        null,
        1,
        12,
        8,
        3,
        null,
        5,
        null,
        8,
        8,
        8,
        8,
        2,
        null,
        6,
        null,
        null,
        4,
        4,
        null,
        12,
        12,
        null,
        null
      ],
      "/home/soar/source/inkash-api/app/helpers/favorite_helper.rb": [
        1,
        null,
        1,
        4,
        2,
        2,
        2,
        2,
        2,
        1,
        null,
        1,
        null,
        null,
        2,
        2,
        null,
        4,
        4,
        null,
        null,
        1,
        9,
        5,
        2,
        null,
        3,
        null,
        5,
        5,
        5,
        5,
        2,
        null,
        3,
        null,
        null,
        4,
        4,
        null,
        9,
        9,
        null,
        null
      ],
      "/home/soar/source/inkash-api/app/helpers/access_helper.rb": [
        1,
        null,
        1,
        113,
        113,
        null,
        null,
        1,
        224,
        null,
        null,
        null
      ],
      "/home/soar/source/inkash-api/app/helpers/scrip_helper.rb": [
        1,
        null,
        1,
        4,
        2,
        2,
        2,
        2,
        2,
        1,
        null,
        1,
        null,
        null,
        2,
        2,
        null,
        4,
        4,
        null,
        null,
        null
      ],
      "/home/soar/source/inkash-api/app/helpers/visit_helper.rb": [
        1,
        null,
        null,
        1,
        null,
        7,
        4,
        3,
        null,
        1,
        null,
        null,
        4,
        4,
        4,
        4,
        2,
        null,
        2,
        null,
        null,
        null,
        3,
        3,
        null,
        7,
        7,
        null,
        null
      ],
      "/home/soar/source/inkash-api/app/entities/favorite_entity.rb": [
        1,
        1,
        1,
        1,
        null
      ],
      "/home/soar/source/inkash-api/app/entities/scrip_entity.rb": [
        1,
        1,
        null,
        1,
        14,
        null,
        1,
        14,
        null,
        1,
        14,
        null,
        1,
        14,
        null,
        1,
        14,
        null,
        1,
        14,
        null,
        1,
        14,
        null,
        1,
        14,
        null,
        1,
        14,
        null,
        1,
        14,
        null,
        1,
        14,
        null,
        1,
        14,
        null,
        1,
        14,
        1,
        null,
        13,
        null,
        null,
        1,
        14,
        null,
        1,
        14,
        null,
        1,
        14,
        null,
        1,
        14,
        null,
        1,
        14,
        null,
        1,
        14,
        null,
        null,
        1,
        14,
        null,
        null,
        1,
        14,
        null,
        null
      ],
      "/home/soar/source/inkash-api/app/entities/user_favorite_entity.rb": [
        1,
        1,
        13,
        null,
        1,
        13,
        null,
        1,
        13,
        null,
        1,
        13,
        null,
        1,
        13,
        null,
        1,
        13,
        null,
        1,
        0,
        null,
        1,
        13,
        null,
        1,
        13,
        null,
        null
      ],
      "/home/soar/source/inkash-api/app/entities/coupon_entity.rb": [
        1,
        1,
        1,
        0,
        null,
        1,
        null
      ],
      "/home/soar/source/inkash-api/app/entities/chat_entity.rb": [
        1,
        1,
        1,
        1,
        0,
        null,
        1,
        1,
        0,
        0,
        null,
        0,
        null,
        null,
        1,
        1,
        1,
        1,
        0,
        null,
        1,
        0,
        null,
        1,
        0,
        null,
        1,
        0,
        null,
        1,
        0,
        null,
        null,
        null
      ],
      "/home/soar/source/inkash-api/app/entities/information_entity.rb": [
        1,
        1,
        null,
        1,
        19,
        0,
        null,
        1,
        18,
        null,
        1,
        18,
        null,
        1,
        18,
        null,
        1,
        18,
        16,
        null,
        2,
        null,
        null,
        1,
        18,
        null,
        1,
        18,
        null,
        1,
        18,
        null,
        1,
        18,
        null,
        1,
        18,
        null,
        1,
        18,
        null,
        1,
        18,
        16,
        null,
        2,
        null,
        null,
        1,
        18,
        16,
        null,
        2,
        null,
        null,
        1,
        18,
        null,
        1,
        18,
        9,
        null,
        9,
        null,
        null,
        1,
        18,
        null,
        1,
        18,
        null,
        1,
        18,
        null,
        1,
        18,
        null,
        1,
        18,
        null,
        1,
        18,
        null,
        null
      ],
      "/home/soar/source/inkash-api/app/entities/friendship_request_entity.rb": [
        1,
        1,
        0,
        null,
        1,
        1,
        0,
        null,
        1,
        0,
        null,
        1,
        null
      ],
      "/home/soar/source/inkash-api/app/entities/user_comment_entity.rb": [
        1,
        1,
        16,
        null,
        1,
        16,
        null,
        1,
        16,
        null,
        1,
        16,
        null,
        1,
        16,
        null,
        1,
        16,
        null,
        1,
        0,
        null,
        1,
        16,
        null,
        1,
        16,
        null,
        null
      ],
      "/home/soar/source/inkash-api/app/entities/version_entity.rb": [
        1,
        null,
        1,
        1,
        1,
        1,
        1,
        null
      ],
      "/home/soar/source/inkash-api/app/entities/coupon_usage_history_entity.rb": [
        1,
        1,
        1,
        2,
        null,
        1,
        null
      ],
      "/home/soar/source/inkash-api/app/entities/comment_information_entity.rb": [
        1,
        1,
        null,
        1,
        6,
        null,
        1,
        6,
        null,
        null,
        1,
        6,
        null,
        1,
        6,
        null,
        1,
        6,
        null,
        1,
        0,
        null,
        1,
        6,
        null,
        1,
        6,
        null,
        1,
        6,
        null,
        1,
        6,
        null,
        1,
        6,
        null,
        1,
        6,
        null,
        1,
        6,
        null,
        1,
        6,
        null,
        1,
        6,
        null,
        1,
        6,
        null,
        1,
        6,
        null,
        1,
        6,
        null,
        1,
        6,
        null,
        1,
        6,
        null,
        1,
        6,
        null,
        1,
        6,
        null,
        null
      ],
      "/home/soar/source/inkash-api/app/entities/checkin_history_entity.rb": [
        1,
        1,
        1,
        2,
        null,
        null
      ],
      "/home/soar/source/inkash-api/app/entities/report_entity.rb": [
        1,
        1,
        1,
        1,
        1,
        null
      ],
      "/home/soar/source/inkash-api/app/entities/coupon_give_request_entity.rb": [
        1,
        1,
        1,
        1,
        1,
        1,
        1,
        null
      ],
      "/home/soar/source/inkash-api/app/entities/sponsor_entity.rb": [
        1,
        1,
        1,
        1,
        1,
        null,
        1,
        1,
        1,
        null,
        1,
        null
      ],
      "/home/soar/source/inkash-api/app/entities/place_entity.rb": [
        1,
        1,
        3,
        null,
        1,
        3,
        null,
        1,
        1,
        1,
        1,
        null
      ],
      "/home/soar/source/inkash-api/app/entities/user_share_entity.rb": [
        1,
        1,
        11,
        null,
        1,
        11,
        null,
        1,
        11,
        null,
        1,
        11,
        null,
        1,
        11,
        null,
        1,
        11,
        null,
        1,
        0,
        null,
        1,
        11,
        null,
        1,
        11,
        null,
        null
      ],
      "/home/soar/source/inkash-api/app/entities/favorite_information_entity.rb": [
        1,
        1,
        null,
        1,
        13,
        null,
        1,
        13,
        null,
        1,
        13,
        null,
        1,
        1,
        13,
        null,
        1,
        13,
        null,
        1,
        13,
        13,
        null,
        0,
        null,
        null,
        1,
        13,
        null,
        1,
        13,
        null,
        1,
        13,
        null,
        1,
        13,
        null,
        1,
        13,
        null,
        1,
        13,
        null,
        1,
        13,
        13,
        null,
        0,
        null,
        null,
        1,
        13,
        null,
        1,
        13,
        0,
        null,
        13,
        null,
        null,
        1,
        13,
        null,
        1,
        13,
        null,
        1,
        13,
        null,
        1,
        13,
        null,
        1,
        13,
        null,
        1,
        13,
        null,
        null
      ],
      "/home/soar/source/inkash-api/app/entities/subject_entity.rb": [
        1,
        1,
        1,
        1,
        1,
        null
      ],
      "/home/soar/source/inkash-api/app/entities/comment_entity.rb": [
        1,
        1,
        1,
        null,
        1,
        1,
        9,
        null,
        1,
        9,
        0,
        null,
        9,
        null,
        null,
        1,
        9,
        0,
        null,
        9,
        null,
        null,
        1,
        1,
        1,
        1,
        9,
        null,
        1,
        null
      ],
      "/home/soar/source/inkash-api/app/entities/favorite_place_entity.rb": [
        1,
        1,
        4,
        null,
        1,
        1,
        1,
        1,
        1,
        null
      ],
      "/home/soar/source/inkash-api/app/entities/user_entity.rb": [
        1,
        1,
        1,
        5,
        null,
        1,
        1,
        1,
        2,
        null,
        1,
        null
      ],
      "/home/soar/source/inkash-api/app/entities/captcha_entity.rb": [
        1,
        1,
        1,
        1,
        1,
        2,
        null,
        null
      ],
      "/home/soar/source/inkash-api/app/entities/user_visit_entity.rb": [
        1,
        null,
        1,
        9,
        null,
        1,
        9,
        null,
        1,
        9,
        null,
        1,
        9,
        null,
        1,
        9,
        null,
        1,
        9,
        null,
        1,
        0,
        null,
        1,
        9,
        null,
        1,
        9,
        null,
        null
      ],
      "/home/soar/source/inkash-api/app/apis/v2/geocoder_api.rb": [
        1,
        null,
        1,
        1,
        null,
        null,
        1,
        1,
        null,
        1,
        null,
        1,
        1,
        1,
        null,
        1,
        0,
        null,
        null,
        1,
        1,
        1,
        null,
        1,
        1,
        1,
        1,
        1,
        null,
        null,
        null,
        null,
        null,
        null,
        null,
        null,
        1,
        null,
        null,
        null,
        null,
        null
      ],
      "/home/soar/source/inkash-api/app/apis/v2/subjects_api.rb": [
        1,
        null,
        1,
        0,
        null,
        null,
        1,
        1,
        null,
        1,
        null,
        1,
        null,
        null,
        1,
        1,
        null,
        1,
        0,
        null,
        null,
        null,
        null
      ],
      "/home/soar/source/inkash-api/app/apis/v2/collections_api.rb": [
        1,
        null,
        1,
        6,
        null,
        null,
        1,
        1,
        null,
        1,
        null,
        1,
        null,
        null,
        1,
        1,
        1,
        null,
        1,
        6,
        null,
        6,
        5,
        2,
        null,
        3,
        null,
        null,
        5,
        5,
        5,
        5,
        1,
        null,
        4,
        null,
        null,
        1,
        1,
        null,
        null,
        6,
        6,
        null,
        null,
        null,
        null,
        null
      ],
      "/home/soar/source/inkash-api/app/apis/v2/informations_api.rb": [
        1,
        null,
        1,
        37,
        37,
        null,
        null,
        1,
        null,
        1,
        null,
        null,
        1,
        1,
        null,
        1,
        0,
        0,
        0,
        0,
        0,
        null,
        0,
        null,
        0,
        null,
        null,
        1,
        null,
        null,
        1,
        1,
        null,
        1,
        0,
        0,
        0,
        0,
        0,
        null,
        0,
        null,
        null,
        null,
        null,
        1,
        null,
        null,
        1,
        1,
        null,
        1,
        0,
        0,
        null,
        0,
        0,
        0,
        0,
        0,
        null,
        null,
        1,
        1,
        1,
        1,
        1,
        null,
        1,
        0,
        0,
        0,
        0,
        0,
        null,
        0,
        null,
        null,
        null,
        1,
        null,
        null,
        1,
        1,
        1,
        null,
        1,
        0,
        0,
        0,
        0,
        null,
        0,
        null,
        null,
        null,
        1,
        null,
        null,
        1,
        1,
        null,
        1,
        null,
        0,
        0,
        0,
        0,
        null,
        0,
        null,
        null,
        null,
        1,
        null,
        null,
        1,
        1,
        1,
        1,
        null,
        1,
        null,
        9,
        9,
        9,
        9,
        null,
        0,
        null,
        null,
        null,
        1,
        null,
        null,
        1,
        1,
        1,
        1,
        null,
        1,
        12,
        12,
        null,
        12,
        12,
        null,
        12,
        null,
        0,
        null,
        null,
        null,
        null,
        1,
        null,
        null,
        1,
        1,
        1,
        1,
        null,
        1,
        9,
        9,
        9,
        9,
        9,
        null,
        null,
        0,
        null,
        null,
        null,
        1,
        null,
        null,
        1,
        1,
        1,
        1,
        null,
        1,
        7,
        7,
        null,
        7,
        null,
        null,
        null,
        7,
        7,
        null,
        null,
        0,
        null,
        null,
        null,
        null,
        null
      ],
      "/home/soar/source/inkash-api/app/apis/v2/user_api.rb": [
        1,
        null,
        1,
        null,
        1,
        null,
        null,
        null,
        null,
        1,
        1,
        null,
        1,
        0,
        null,
        0,
        0,
        null,
        0,
        0,
        0,
        null,
        null,
        1,
        null,
        null,
        null,
        null,
        null,
        1,
        1,
        1,
        1,
        1,
        null,
        1,
        0,
        0,
        0,
        0,
        0,
        null,
        0,
        0,
        null,
        null,
        0,
        null,
        null,
        1,
        1,
        1,
        1,
        1,
        null,
        1,
        0,
        0,
        null,
        0,
        0,
        null,
        0,
        null,
        null,
        1,
        1,
        1,
        1,
        1,
        null,
        1,
        0,
        0,
        null,
        0,
        0,
        null,
        0,
        0,
        0,
        null,
        0,
        null,
        null,
        null,
        1,
        null,
        null,
        1,
        1,
        1,
        1,
        1,
        1,
        null,
        1,
        0,
        0,
        null,
        null,
        0,
        0,
        null,
        0,
        0,
        null,
        0,
        0,
        0,
        null,
        null,
        1,
        null,
        null,
        1,
        1,
        1,
        null,
        1,
        0,
        0,
        null,
        0,
        0,
        null,
        0,
        0,
        null,
        null,
        1,
        1,
        1,
        null,
        1,
        0,
        null,
        null,
        null,
        null,
        1,
        13,
        null,
        null,
        1,
        1,
        null,
        1,
        null,
        1,
        null,
        null,
        1,
        1,
        null,
        1,
        0,
        null,
        null,
        1,
        null,
        null,
        1,
        1,
        null,
        1,
        5,
        5,
        5,
        2,
        null,
        null,
        5,
        null,
        null,
        1,
        null,
        null,
        1,
        1,
        null,
        1,
        4,
        4,
        null,
        null,
        1,
        null,
        null,
        1,
        1,
        1,
        null,
        1,
        null,
        4,
        4,
        4,
        4,
        null,
        null,
        null,
        null
      ],
      "/home/soar/source/inkash-api/app/apis/v2/comments_api.rb": [
        1,
        null,
        1,
        8,
        8,
        null,
        null,
        1,
        null,
        1,
        null,
        null,
        1,
        1,
        1,
        1,
        1,
        null,
        1,
        5,
        3,
        3,
        null,
        3,
        3,
        null,
        3,
        3,
        null,
        3,
        null,
        3,
        3,
        null,
        2,
        2,
        2,
        2,
        null,
        null,
        null,
        1,
        null,
        null,
        1,
        1,
        1,
        1,
        null,
        1,
        3,
        3,
        3,
        3,
        null,
        3,
        null,
        3,
        null,
        3,
        null,
        null,
        null,
        null
      ],
      "/home/soar/source/inkash-api/app/apis/v2/merchants_api.rb": [
        1,
        null,
        1,
        1,
        null,
        null,
        1,
        1,
        null,
        1,
        null,
        1,
        null,
        null,
        1,
        1,
        1,
        null,
        1,
        1,
        1,
        null,
        1,
        null,
        null,
        1,
        1,
        1,
        1,
        null,
        1,
        1,
        null,
        null,
        null,
        null,
        null
      ],
      "/home/soar/source/inkash-api/app/apis/v2/scrips_api.rb": [
        1,
        null,
        1,
        9,
        null,
        null,
        1,
        1,
        null,
        1,
        null,
        1,
        null,
        null,
        1,
        1,
        1,
        null,
        1,
        7,
        7,
        6,
        6,
        3,
        null,
        6,
        3,
        null,
        null,
        6,
        6,
        6,
        6,
        1,
        null,
        5,
        null,
        null,
        1,
        1,
        null,
        null,
        7,
        7,
        null,
        null,
        1,
        null,
        null,
        1,
        1,
        1,
        1,
        1,
        null,
        1,
        2,
        1,
        null,
        null,
        1,
        1,
        null,
        1,
        1,
        0,
        0,
        0,
        null,
        1,
        1,
        1,
        1,
        1,
        1,
        1,
        1,
        7,
        null,
        1,
        1,
        1,
        null,
        1,
        1,
        1,
        null,
        null,
        1,
        null,
        null,
        null,
        null
      ],
      "/home/soar/source/inkash-api/app/apis/v2/feedbacks_api.rb": [
        1,
        1,
        3,
        null,
        null,
        1,
        1,
        null,
        1,
        1,
        1,
        null,
        1,
        3,
        3,
        null,
        1,
        1,
        null,
        null,
        null,
        null
      ],
      "/home/soar/source/inkash-api/app/apis/v2/chats_api.rb": [
        1,
        null,
        1,
        0,
        null,
        null,
        1,
        1,
        null,
        1,
        null,
        1,
        null,
        null,
        null,
        null,
        null,
        1,
        1,
        null,
        1,
        0,
        null,
        0,
        0,
        null,
        null,
        0,
        0,
        null,
        0,
        0,
        0,
        null,
        0,
        null,
        0,
        null,
        null,
        null,
        null
      ],
      "/home/soar/source/inkash-api/app/apis/v2/jigu_api.rb": [
        1,
        null,
        1,
        7,
        null,
        null,
        1,
        1,
        null,
        1,
        null,
        1,
        null,
        null,
        null,
        null,
        null,
        1,
        1,
        1,
        1,
        null,
        1,
        0,
        0,
        0,
        0,
        0,
        0,
        null,
        null,
        0,
        0,
        0,
        null,
        null,
        0,
        0,
        0,
        0,
        null,
        null,
        null,
        null,
        null,
        0,
        null,
        null,
        null,
        1,
        null,
        null,
        null,
        null,
        null,
        1,
        1,
        1,
        1,
        null,
        1,
        7,
        7,
        null,
        7,
        3,
        3,
        null,
        4,
        0,
        null,
        4,
        null,
        null,
        7,
        null,
        7,
        2,
        null,
        2,
        2,
        2,
        2,
        null,
        5,
        5,
        null,
        null,
        7,
        1,
        null,
        null,
        7,
        null,
        7,
        null,
        null,
        null,
        null
      ],
      "/home/soar/source/inkash-api/app/apis/v2/version_api.rb": [
        1,
        null,
        1,
        1,
        null,
        null,
        1,
        1,
        null,
        1,
        1,
        1,
        null,
        null,
        null,
        null
      ],
      "/home/soar/source/inkash-api/app/apis/v2/places_api.rb": [
        1,
        null,
        1,
        7,
        null,
        null,
        1,
        1,
        null,
        1,
        null,
        1,
        null,
        null,
        1,
        1,
        null,
        1,
        3,
        3,
        1,
        null,
        1,
        1,
        1,
        1,
        null,
        2,
        2,
        null,
        null,
        3,
        3,
        null,
        null,
        1,
        null,
        null,
        1,
        1,
        null,
        1,
        3,
        2,
        2,
        2,
        null,
        0,
        null,
        null,
        null,
        1,
        null,
        null,
        1,
        1,
        null,
        1,
        1,
        1,
        1,
        1,
        1,
        null,
        0,
        null,
        null,
        null,
        null,
        null
      ],
      "/home/soar/source/inkash-api/app/apis/v2/sponsors_api.rb": [
        1,
        1,
        1,
        null,
        null,
        1,
        1,
        null,
        1,
        null,
        1,
        null,
        null,
        1,
        1,
        1,
        1,
        null,
        null,
        null,
        null
      ],
      "/home/soar/source/inkash-api/app/apis/v2/devices_api.rb": [
        1,
        null,
        1,
        0,
        null,
        null,
        1,
        1,
        null,
        1,
        null,
        1,
        null,
        null,
        null,
        null,
        null,
        1,
        1,
        1,
        null,
        1,
        0,
        0,
        null,
        0,
        0,
        null,
        null,
        0,
        0,
        null,
        0,
        null,
        null,
        null,
        null,
        null
      ],
      "/home/soar/source/inkash-api/app/apis/v1/friendship_request_api.rb": [
        1,
        null,
        1,
        0,
        null,
        null,
        1,
        1,
        null,
        1,
        null,
        1,
        null,
        null,
        1,
        0,
        0,
        0,
        null,
        null,
        1,
        null,
        null,
        1,
        0,
        0,
        null,
        null,
        1,
        null,
        null,
        1,
        0,
        0,
        0,
        null,
        null,
        1,
        null,
        null,
        1,
        1,
        null,
        1,
        0,
        0,
        null,
        0,
        0,
        null,
        0,
        0,
        null,
        0,
        0,
        null,
        0,
        null,
        null,
        null,
        null,
        null
      ],
      "/home/soar/source/inkash-api/app/apis/v1/collections_api.rb": [
        1,
        null,
        1,
        0,
        null,
        null,
        1,
        1,
        null,
        1,
        null,
        1,
        null,
        null,
        1,
        1,
        null,
        1,
        0,
        0,
        0,
        null,
        0,
        null,
        null,
        null,
        null,
        null
      ],
      "/home/soar/source/inkash-api/app/apis/v1/informations_api.rb": [
        1,
        null,
        1,
        0,
        null,
        null,
        1,
        1,
        null,
        1,
        null,
        1,
        null,
        null,
        1,
        1,
        null,
        1,
        0,
        0,
        0,
        null,
        null,
        1,
        null,
        null,
        1,
        1,
        null,
        1,
        0,
        0,
        null,
        0,
        0,
        null,
        null,
        null,
        null,
        null
      ],
      "/home/soar/source/inkash-api/app/apis/v1/user_api.rb": [
        1,
        null,
        1,
        null,
        1,
        null,
        null,
        null,
        null,
        1,
        1,
        null,
        1,
        0,
        null,
        0,
        0,
        null,
        0,
        0,
        0,
        null,
        null,
        1,
        null,
        null,
        null,
        null,
        null,
        1,
        1,
        1,
        1,
        1,
        null,
        1,
        1,
        1,
        1,
        1,
        1,
        null,
        1,
        1,
        null,
        null,
        1,
        null,
        null,
        1,
        1,
        1,
        1,
        1,
        null,
        1,
        2,
        2,
        null,
        1,
        1,
        null,
        1,
        null,
        null,
        1,
        1,
        1,
        1,
        1,
        null,
        1,
        2,
        2,
        null,
        2,
        2,
        null,
        1,
        1,
        1,
        null,
        0,
        null,
        null,
        null,
        1,
        null,
        null,
        1,
        1,
        1,
        1,
        1,
        1,
        null,
        1,
        3,
        3,
        null,
        null,
        3,
        3,
        null,
        2,
        2,
        null,
        1,
        1,
        1,
        null,
        null,
        1,
        null,
        null,
        1,
        1,
        1,
        null,
        1,
        3,
        3,
        null,
        2,
        2,
        null,
        1,
        1,
        null,
        null,
        1,
        1,
        1,
        null,
        1,
        0,
        null,
        null,
        null,
        null,
        null
      ],
      "/home/soar/source/inkash-api/app/apis/v1/coupons_api.rb": [
        1,
        null,
        1,
        6,
        null,
        null,
        1,
        1,
        null,
        1,
        null,
        1,
        null,
        null,
        1,
        1,
        1,
        null,
        1,
        6,
        6,
        null,
        6,
        6,
        null,
        5,
        null,
        5,
        null,
        null,
        null,
        null,
        null,
        null,
        null,
        3,
        null,
        2,
        2,
        2,
        2,
        2,
        null,
        0,
        null,
        null,
        null,
        null,
        null,
        null
      ],
      "/home/soar/source/inkash-api/app/apis/v1/scrips_api.rb": [
        1,
        null,
        1,
        0,
        null,
        null,
        1,
        1,
        null,
        null,
        1,
        null,
        1,
        null,
        null,
        1,
        0,
        0,
        null,
        null,
        1,
        null,
        null,
        1,
        1,
        1,
        1,
        1,
        null,
        1,
        0,
        0,
        null,
        0,
        0,
        0,
        0,
        0,
        null,
        0,
        0,
        0,
        0,
        null,
        0,
        null,
        0,
        0,
        null,
        null,
        null,
        null,
        null
      ],
      "/home/soar/source/inkash-api/app/apis/v1/sms_api.rb": [
        1,
        null,
        1,
        null,
        1,
        null,
        1,
        null,
        null,
        1,
        1,
        null,
        1,
        2,
        2,
        1,
        null,
        1,
        1,
        null,
        1,
        null,
        1,
        null,
        null,
        1,
        null,
        null,
        1,
        1,
        null,
        1,
        2,
        2,
        1,
        null,
        1,
        1,
        null,
        1,
        null,
        1,
        null,
        null,
        null,
        null,
        null
      ],
      "/home/soar/source/inkash-api/app/apis/v1/jigu_api.rb": [
        1,
        null,
        1,
        11,
        null,
        null,
        1,
        1,
        null,
        1,
        null,
        1,
        null,
        null,
        null,
        null,
        null,
        1,
        1,
        1,
        1,
        null,
        1,
        10,
        60,
        10,
        1,
        1,
        1,
        null,
        null,
        10,
        9,
        9,
        null,
        null,
        10,
        9,
        9,
        9,
        null,
        null,
        null,
        null,
        null,
        1,
        null,
        null,
        null,
        1,
        null,
        null,
        1,
        1,
        1,
        null,
        1,
        1,
        1,
        null,
        1,
        null,
        null,
        1,
        1,
        1,
        1,
        null,
        1,
        1,
        null,
        null,
        null,
        null,
        null
      ],
      "/home/soar/source/inkash-api/app/apis/v1/coupon_give_request_api.rb": [
        1,
        null,
        1,
        0,
        null,
        null,
        1,
        1,
        null,
        1,
        null,
        1,
        null,
        null,
        1,
        null,
        null,
        1,
        null,
        null,
        1,
        null,
        null,
        1,
        null,
        null,
        1,
        1,
        null,
        1,
        null,
        null,
        1,
        null,
        null,
        1,
        1,
        1,
        null,
        1,
        null,
        null,
        1,
        null,
        null,
        1,
        1,
        null,
        1,
        null,
        null,
        null,
        null,
        null
      ],
      "/home/soar/source/inkash-api/app/apis/v1/friends_api.rb": [
        1,
        null,
        1,
        0,
        null,
        null,
        1,
        1,
        null,
        1,
        null,
        1,
        null,
        null,
        1,
        0,
        null,
        null,
        null,
        null,
        null
      ],
      "/home/soar/source/inkash-api/app/apis/v1/system_api.rb": [
        1,
        null,
        1,
        0,
        null,
        null,
        1,
        null,
        1,
        null,
        null,
        null,
        null,
        null
      ],
      "/home/soar/source/inkash-api/config/api_v1.rb": [
        1,
        null,
        1,
        null,
        1,
        35,
        null,
        null,
        1,
        null,
        null,
        0,
        null,
        null,
        1,
        0,
        null,
        null,
        0,
        null,
        null,
        null,
        null,
        1,
        null,
        1,
        1,
        1,
        null,
        1,
        null,
        1,
        1,
        1,
        1,
        1,
        1,
        1,
        1,
        null,
        null,
        null,
        null
      ],
      "/home/soar/source/inkash-api/config/api_v2.rb": [
        1,
        null,
        1,
        1,
        null,
        1,
        null,
        1,
        94,
        null,
        null,
        1,
        null,
        null,
        0,
        null,
        null,
        1,
        1,
        null,
        null,
        1,
        null,
        null,
        1,
        null,
        null,
        1,
        null,
        1,
        1,
        1,
        1,
        1,
        1,
        1,
        1,
        1,
        1,
        1,
        1,
        1,
        1,
        1,
        null,
        null,
        null,
        null
      ]
    },
    "timestamp": 1408936517
  }
}
